<?xml version="1.0" encoding="utf-8"?><testsuites name="pytest tests"><testsuite name="pytest" errors="0" failures="0" skipped="0" tests="9" time="1.734" timestamp="2026-08-05T09:19:17.590831+00:00" hostname="agent-env-ccc10670-09e1-4206-a2a0-e0a606a19f35"><testcase classname="tests.test_drivemate_iter2.TestVehicles" name="test_list_vehicles_seeded" time="0.141" /><testcase classname="tests.test_drivemate_iter2.TestReminders" name="test_send_reminder_on_booked" time="0.554" /><testcase classname="tests.test_drivemate_iter2.TestVehicles" name="test_fleet03_service_due" time="0.061" /><testcase classname="tests.test_drivemate_iter2.TestVehicles" name="test_create_update_service_delete_vehicle" time="0.518" /><testcase classname="tests.test_drivemate_iter2.TestReminders" name="test_send_reminder_on_available_400" time="0.278" /><testcase classname="tests.test_drivemate_iter2.TestSlotCompletionSideEffect" name="test_completing_slot_increments_vehicle_hours" time="0.340" /><testcase classname="tests.test_drivemate_iter2.TestReminders" name="test_send_reminder_on_completed_400" time="0.243" /><testcase classname="tests.test_drivemate_iter2.TestStats" name="test_stats_has_fleet_fields" time="0.067" /><testcase classname="tests.test_drivemate_iter2.TestReminders" name="test_run_reminders_returns_sent_skipped" time="0.142" /></testsuite></testsuites>