<?xml version="1.0" encoding="utf-8"?><testsuites name="pytest tests"><testsuite name="pytest" errors="0" failures="0" skipped="0" tests="22" time="2.840" timestamp="2026-08-05T09:46:38.824976+00:00" hostname="agent-env-ccc10670-09e1-4206-a2a0-e0a606a19f35"><testcase classname="tests.test_drivemate_iter3.TestUserManager" name="test_list_users_admin" time="0.271" /><testcase classname="tests.test_drivemate_iter3.TestBooking" name="test_create_slot_duplicate_conflict_409" time="0.356" /><testcase classname="tests.test_drivemate_iter3.TestUserManager" name="test_list_users_forbidden_for_student" time="0.143" /><testcase classname="tests.test_drivemate_iter3.TestBooking" name="test_student_books_available_slot" time="0.237" /><testcase classname="tests.test_drivemate_iter3.TestUserManager" name="test_promote_demote_role" time="0.088" /><testcase classname="tests.test_drivemate_iter3.TestUserManager" name="test_admin_cannot_demote_self" time="0.088" /><testcase classname="tests.test_drivemate_iter3.TestUserManager" name="test_admin_cannot_delete_self" time="0.088" /><testcase classname="tests.test_drivemate_iter3.TestBooking" name="test_double_time_conflict_for_second_student" time="0.264" /><testcase classname="tests.test_drivemate_iter3.TestUserManager" name="test_admin_delete_user_ok" time="0.046" /><testcase classname="tests.test_drivemate_iter3.TestPayments" name="test_packages_lists_4" time="0.061" /><testcase classname="tests.test_drivemate_iter3.TestPayments" name="test_checkout_creates_session_and_row" time="0.870" /><testcase classname="tests.test_drivemate_iter3.TestBooking" name="test_my_lessons_returns_only_own" time="0.472" /><testcase classname="tests.test_drivemate_iter3.TestBooking" name="test_cancel_by_owning_student" time="0.328" /><testcase classname="tests.test_drivemate_iter3.TestPayments" name="test_my_payments_lists_transaction" time="0.049" /><testcase classname="tests.test_drivemate_iter3.TestBooking" name="test_cleanup_booking_slots" time="0.248" /><testcase classname="tests.test_drivemate_iter3.TestPayments" name="test_admin_payments_lists_all" time="0.043" /><testcase classname="tests.test_drivemate_iter3.TestPayments" name="test_admin_payments_forbidden_for_student" time="0.047" /><testcase classname="tests.test_drivemate_iter3.TestAnalytics" name="test_analytics_shape" time="0.045" /><testcase classname="tests.test_drivemate_iter3.TestAnalytics" name="test_analytics_forbidden_for_student" time="0.046" /><testcase classname="tests.test_drivemate_iter3.TestMessaging" name="test_directory_student_sees_only_instructors_admins" time="0.044" /><testcase classname="tests.test_drivemate_iter3.TestMessaging" name="test_directory_admin_sees_all_except_self" time="0.125" /><testcase classname="tests.test_drivemate_iter3.TestMessaging" name="test_send_and_read_thread" time="0.256" /></testsuite></testsuites>