<?xml version="1.0" encoding="utf-8"?><testsuites name="pytest tests"><testsuite name="pytest" errors="0" failures="0" skipped="0" tests="9" time="1.480" timestamp="2026-08-05T09:04:28.457588+00:00" hostname="agent-env-ccc10670-09e1-4206-a2a0-e0a606a19f35"><testcase classname="tests.test_drivemate.TestStudents" name="test_list_students" time="0.298" /><testcase classname="tests.test_drivemate.TestAuth" name="test_me_unauthorized" time="0.295" /><testcase classname="tests.test_drivemate.TestStudents" name="test_create_student" time="0.126" /><testcase classname="tests.test_drivemate.TestAuth" name="test_me_authorized" time="0.110" /><testcase classname="tests.test_drivemate.TestSlots" name="test_list_slots" time="0.066" /><testcase classname="tests.test_drivemate.TestInstructor" name="test_stats" time="0.065" /><testcase classname="tests.test_drivemate.TestSlots" name="test_slot_crud" time="0.275" /><testcase classname="tests.test_drivemate.TestInstructor" name="test_update_me" time="0.123" /><testcase classname="tests.test_drivemate.TestFeedback" name="test_create_feedback_updates_rating" time="0.199" /></testsuite></testsuites>